1. RAVEE MALLA 88.94 4
2. ANKUR DAHIYA 87.55 3
3. AYUSH DUBEY 82.67 5
4. SANDEEP KUMAR BINDAL 82.06 3
5. MANAN AGARWAL 81.91 1.5
6. NISHITA AGARWAL 81.89 1
7. VARUN MALHOTRA 81.68 3
8. YOGESH KUMAR 81.65 1
9. SHRETIMA TANDON 81.44 5
10. ARCHIT GUPTA 81.26 5
11. JATIN BATRA 80.93 3
12. ANKIT TOMAR 80.62 3
13. ANKIT KUMAR JAIN 80.61 3
14. RAJAT GUPTA 79.95 0
15. ASHWIN VENKATARAMAN 79.07 3
16. SHIKHAR AGARWAL 79.01 3
17. SAHIL AGGARWAL 79.01 3
18. TARUNDEEP SINGH 78.51 3
19. ASEEM GARG 77.80 5
20. ANUJ CHAUHAN 77.49 3
21. SAURAV MAHAJAN 76.44 3
22. SWAPNIL JAIN 75.94 3
23. MRIDU ATRAY 75.63 1
24. ANSHUL JAIN 75.55 1.5
25. ANUPAM DEV GOEL 75.19 3
26. NIKHIL 74.94 2
27. KRITARTH ANAND 74.51 1.5
28. NITIN AGGARWAL 73.88 1.5
29. ANUBHAV JAIN 73.65 3
30. HARSH PRASAD 71.84 1
31. SIMRANJIT SINGH KOHLI 71.57 3
32. ABHINAV PUNIA 71.56 3
33. AKASH SINGH 70.87 0
34. KSHITEEJ S MAHAJAN 70.86 3
35. PRANAY AGARWAL 70.79 4
36. RAHUL GOYAL 70.74 3
37. UTKARSH AGARWAL 70.54 3
38. UJJAVAL KUMAR SINGH 69.61 1
39. ARUNIM SAMAT 68.62 3
40. SRIJAN SANKET 68.29 1.5
41. AAKASH BHARDWAJ 67.50 0
42. PRASHANT SACHAN 67.46 0
43. RAMESH KUMAR MISHRA 67.38 0
44. JATINDER PAL SINGH 67.09 0
45. RUBBAL SIDHU 66.33 0
46. ABHINAV GARG 64.74 0
47. DIPANSHU AGARWAL 63.82 3
48. HARDIK VOHRA 62.61 0
49. RAJWINDER SINGH 61.48 0
50. CHANDRAKISHORE MALVIYA 61.42 0
51. SAVIN GOYAL 59.14 0
52. NIKHIL GARG 57.95 1.5
53. RUDRADEV BASAK 57.58 2
54. MANAV GOEL 56.77 0.5
55. AKSHAYA NIM 56.63 0
56. SAURAV KUMAR SINGH 55.39 0.5
57. SHASHANK SHARMA 55.21 3
58. B SHRIRAM 53.73 0
59. MANSUREH SHAHRAKI MOGHADDAM 51.55 0
60. HITESH KUMAR 47.12 0.5
61. SUMEET KALSI 45.77 0
62. SHEKHAR YADAV 44.10 0
63. MUDIT AGGARWAL 43.16 0
64. NARINDER PAL SINGH 42.79 0
65. GYAN SAGAR SINHA 39.63 0
66. PIYUSH KUMAR VIJAY 38.50 0
67. ABHINAV 37.94 0.5
68. KUNAL BHALLA 36.40 0
69. PRATYUSH TOMAR 33.99 0
70. R KRANTHI KUMAR 32.84 0
71. SATISH KUMAR B T 27.97 0
72. ANKIT GUPTA 27.91 0
73. KAMANCHI CHANDRAMOULI 27.51 0
74. SABYASACHI HALDAR 23.64 0
75. ALOK SINGH MAHOR 19.55 0
76. PIYUS KUMAR KEDIA 14.38 0
77. NIDHI SHARMA 7.38 0
78. HITESH RAI RAJWANIA 5.78 0
79. MOHIT GOEL 3.80 0
80. SIDDHARTH K 2.70 0
81. N.VENKATESH 2.08 0
82. BAPI CHATTERJEE 0.45 0
83. LAKSHMANA MAKUPALI 0 0
84. SANKARSAN BANDYOPADHYAY 0 0
85. WIDMER FLORIAN 0 0
86. VIPINESH 0 0
